<?xml version="1.0" encoding="UTF-8"?>
<!-- Generated by org.testng.reporters.JUnitXMLReporter -->
<testsuite hostname="DESKTOP-23G3R4H" ignored="0" name="verifyHomePage" tests="1" failures="1" timestamp="22 Mar 2018 01:55:23 GMT" time="0.068" errors="0">
  <testcase name="@AfterClass tearDown" time="0.0" classname="com.automation.testbase.TestSetup">
    <failure type="java.lang.NullPointerException">
      <![CDATA[java.lang.NullPointerException
at com.automation.testbase.TestSetup.tearDown(TestSetup.java:65)
... Removed 26 stack frames]]>
    </failure>
  </testcase> <!-- @AfterClass tearDown -->
  <testcase name="verifyHomePage" time="0.018" classname="com.automation.tests.BasePageTest">
    <failure type="java.lang.NullPointerException">
      <![CDATA[java.lang.NullPointerException
at com.automation.pageobjects.BasePage.getPageTitle(BasePage.java:30)
at com.automation.pageobjects.BasePage.verifyBasePageTitle(BasePage.java:36)
at com.automation.tests.BasePageTest.verifyHomePage(BasePageTest.java:25)
... Removed 25 stack frames]]>
    </failure>
  </testcase> <!-- verifyHomePage -->
</testsuite> <!-- verifyHomePage -->
